<?xml version="1.0" encoding="UTF-8"?>
<!-- Generated by org.testng.reporters.JUnitReportReporter -->
<testsuite hostname="fred1st" name="com.appium.testDemo.NewAPPTest" tests="1" failures="0" timestamp="15 Nov 2017 02:12:47 GMT" time="2.909" errors="0">
  <testcase name="plus" time="2.909" classname="com.appium.testDemo.NewAPPTest"/>
</testsuite> <!-- com.appium.testDemo.NewAPPTest -->
