<?xml version="1.0" encoding="UTF-8"?>
<!-- Generated by org.testng.reporters.JUnitReportReporter -->
<testsuite hostname="fred1st" name="com.appium.testDemo.TestAppiumApi" tests="1" failures="0" timestamp="15 Nov 2017 02:12:47 GMT" time="16.904" errors="0">
  <testcase name="testApi3" time="16.904" classname="com.appium.testDemo.TestAppiumApi"/>
</testsuite> <!-- com.appium.testDemo.TestAppiumApi -->
