<?xml version="1.0" encoding="UTF-8"?>
<!-- Generated by org.testng.reporters.JUnitReportReporter -->
<testsuite hostname="fred1st" name="com.appium.testDemo.TestHgoSignIn" tests="1" failures="0" timestamp="15 Nov 2017 02:12:47 GMT" time="13.070" errors="0">
  <testcase name="testSignIn" time="13.070" classname="com.appium.testDemo.TestHgoSignIn"/>
</testsuite> <!-- com.appium.testDemo.TestHgoSignIn -->
